[debug] [2022-09-19T23:16:04.343Z] ----------------------------------------------------------------------
[debug] [2022-09-19T23:16:04.345Z] Command:       C:\Program Files\nodejs\node.exe C:\Users\pzjia\AppData\Roaming\npm\node_modules\firebase-tools\lib\bin\firebase.js init
[debug] [2022-09-19T23:16:04.346Z] CLI Version:   11.9.0
[debug] [2022-09-19T23:16:04.346Z] Platform:      win32
[debug] [2022-09-19T23:16:04.346Z] Node Version:  v16.17.0
[debug] [2022-09-19T23:16:04.353Z] Time:          Mon Sep 19 2022 19:16:04 GMT-0400 (Eastern Daylight Time)
[debug] [2022-09-19T23:16:04.354Z] ----------------------------------------------------------------------
[debug] 
[debug] [2022-09-19T23:16:04.453Z] > command requires scopes: ["email","openid","https://www.googleapis.com/auth/cloudplatformprojects.readonly","https://www.googleapis.com/auth/firebase","https://www.googleapis.com/auth/cloud-platform"]
[debug] [2022-09-19T23:16:04.453Z] > authorizing via signed-in user (werdwebe@gmail.com)
[info] 
     ######## #### ########  ######## ########     ###     ######  ########
     ##        ##  ##     ## ##       ##     ##  ##   ##  ##       ##
     ######    ##  ########  ######   ########  #########  ######  ######
     ##        ##  ##    ##  ##       ##     ## ##     ##       ## ##
     ##       #### ##     ## ######## ########  ##     ##  ######  ########

You're about to initialize a Firebase project in this directory:

  C:\Users\pzjia\JSprojects\cs407\purduezilla

Before we get started, keep in mind:

  * You are initializing within an existing Firebase project directory

[info] 
=== Project Setup
[info] 
[info] First, let's associate this project directory with a Firebase project.
[info] You can create multiple project aliases by running firebase use --add, 
[info] but for now we'll just set up a default project.
[info] 
[debug] [2022-09-19T23:16:22.310Z] Using project from CLI flag: purduezilla
[debug] [2022-09-19T23:16:22.313Z] > refreshing access token with scopes: []
[debug] [2022-09-19T23:16:22.316Z] >>> [apiv2][query] POST https://www.googleapis.com/oauth2/v3/token [none]
[debug] [2022-09-19T23:16:22.317Z] >>> [apiv2][body] POST https://www.googleapis.com/oauth2/v3/token [omitted]
[debug] [2022-09-19T23:16:22.537Z] <<< [apiv2][status] POST https://www.googleapis.com/oauth2/v3/token 200
[debug] [2022-09-19T23:16:22.538Z] <<< [apiv2][body] POST https://www.googleapis.com/oauth2/v3/token [omitted]
[debug] [2022-09-19T23:16:22.563Z] >>> [apiv2][query] GET https://firebase.googleapis.com/v1beta1/projects/purduezilla [none]
[debug] [2022-09-19T23:16:22.860Z] <<< [apiv2][status] GET https://firebase.googleapis.com/v1beta1/projects/purduezilla 200
[debug] [2022-09-19T23:16:22.861Z] <<< [apiv2][body] GET https://firebase.googleapis.com/v1beta1/projects/purduezilla {"projectId":"purduezilla","projectNumber":"1043168052788","displayName":"PurdueZilla","name":"projects/purduezilla","resources":{"hostingSite":"purduezilla","realtimeDatabaseInstance":"purduezilla-default-rtdb"},"state":"ACTIVE","etag":"1_ec79600b-18eb-4086-a915-d56ffb444b14"}
[info] i  Using project purduezilla (PurdueZilla) 
[info] 
=== Database Setup
[info] i  database: ensuring required API firebasedatabase.googleapis.com is enabled... 
[debug] [2022-09-19T23:16:22.885Z] >>> [apiv2][query] GET https://serviceusage.googleapis.com/v1/projects/purduezilla/services/firebasedatabase.googleapis.com [none]
[debug] [2022-09-19T23:16:23.104Z] <<< [apiv2][status] GET https://serviceusage.googleapis.com/v1/projects/purduezilla/services/firebasedatabase.googleapis.com 200
[debug] [2022-09-19T23:16:23.104Z] <<< [apiv2][body] GET https://serviceusage.googleapis.com/v1/projects/purduezilla/services/firebasedatabase.googleapis.com [omitted]
[info] +  database: required API firebasedatabase.googleapis.com is enabled 
[info] 
[debug] [2022-09-19T23:16:23.111Z] >>> [apiv2][query] GET https://firebasedatabase.googleapis.com/v1beta/projects/purduezilla/locations/-/instances/purduezilla-default-rtdb [none]
[debug] [2022-09-19T23:16:23.319Z] <<< [apiv2][status] GET https://firebasedatabase.googleapis.com/v1beta/projects/purduezilla/locations/-/instances/purduezilla-default-rtdb 200
[debug] [2022-09-19T23:16:23.319Z] <<< [apiv2][body] GET https://firebasedatabase.googleapis.com/v1beta/projects/purduezilla/locations/-/instances/purduezilla-default-rtdb {"name":"projects/1043168052788/locations/us-central1/instances/purduezilla-default-rtdb","project":"projects/1043168052788","databaseUrl":"https://purduezilla-default-rtdb.firebaseio.com","type":"DEFAULT_DATABASE","state":"ACTIVE"}
[info] 
[info] Firebase Realtime Database Security Rules allow you to define how your data should be
[info] structured and when your data can be read from and written to.
[info] 
[info] Skipping overwrite of Realtime Database Security Rules.
[info] The security rules defined in database.rules.json will be published when you run firebase deploy.
[info] 
=== Hosting Setup
[info] 
[info] Your public directory is the folder (relative to your project directory) that
[info] will contain Hosting assets to be uploaded with firebase deploy. If you
[info] have a build process for your assets, use your build's output directory.
[info] 
[debug] [2022-09-19T23:17:39.375Z] >>> [apiv2][query] GET https://www.gstatic.com/firebasejs/releases.json [none]
[debug] [2022-09-19T23:17:39.454Z] <<< [apiv2][status] GET https://www.gstatic.com/firebasejs/releases.json 200
[debug] [2022-09-19T23:17:39.455Z] <<< [apiv2][body] GET https://www.gstatic.com/firebasejs/releases.json {"current":{"version":"9.10.0","browserURL":"https://www.gstatic.com/firebasejs/9.10.0/firebase.js","packageURL":"https://www.gstatic.com/firebasejs/9.10.0/firebase.tgz"},"live":{"version":"9.10","browserURL":"https://www.gstatic.com/firebasejs/live/9.10/firebase.js","packageURL":"https://www.gstatic.com/firebasejs/live/9.10/firebase.tgz"},"components":{"analytics":"https://www.gstatic.com/firebasejs/9.10.0/firebase-analytics.js","app":"https://www.gstatic.com/firebasejs/9.10.0/firebase-app.js","app-check":"https://www.gstatic.com/firebasejs/9.10.0/firebase-app-check.js","auth":"https://www.gstatic.com/firebasejs/9.10.0/firebase-auth.js","auth/cordova":"https://www.gstatic.com/firebasejs/9.10.0/firebase-auth/cordova.js","auth/react-native":"https://www.gstatic.com/firebasejs/9.10.0/firebase-auth/react-native.js","functions":"https://www.gstatic.com/firebasejs/9.10.0/firebase-functions.js","firestore":"https://www.gstatic.com/firebasejs/9.10.0/firebase-firestore.js","firestore/lite":"https://www.gstatic.com/firebasejs/9.10.0/firebase-firestore/lite.js","installations":"https://www.gstatic.com/firebasejs/9.10.0/firebase-installations.js","storage":"https://www.gstatic.com/firebasejs/9.10.0/firebase-storage.js","performance":"https://www.gstatic.com/firebasejs/9.10.0/firebase-performance.js","remote-config":"https://www.gstatic.com/firebasejs/9.10.0/firebase-remote-config.js","messaging":"https://www.gstatic.com/firebasejs/9.10.0/firebase-messaging.js","messaging/sw":"https://www.gstatic.com/firebasejs/9.10.0/firebase-messaging/sw.js","database":"https://www.gstatic.com/firebasejs/9.10.0/firebase-database.js","firestore.memory":"https://www.gstatic.com/firebasejs/9.10.0/firebase-firestore.memory.js"}}
[info] i  Skipping write of public/index.html 
[info] 
[info] i  Detected a .git folder at C:\Users\pzjia\JSprojects\cs407\purduezilla 
[info] i  Authorizing with GitHub to upload your service account to a GitHub repository's secrets store. 
[info] 
[info] Visit this URL on this device to log in:
[info] https://github.com/login/oauth/authorize?client_id=89cf50f02ac6aaed3484&state=227345050&redirect_uri=http%3A%2F%2Flocalhost%3A9005&scope=read%3Auser%20repo%20public_repo
[info] 
[info] Waiting for authentication...
[debug] [2022-09-19T23:17:46.110Z] >>> [apiv2][query] POST https://github.com/login/oauth/access_token [none]
[debug] [2022-09-19T23:17:46.110Z] >>> [apiv2][body] POST https://github.com/login/oauth/access_token [stream]
[debug] [2022-09-19T23:17:46.358Z] <<< [apiv2][status] POST https://github.com/login/oauth/access_token 200
[debug] [2022-09-19T23:17:46.358Z] <<< [apiv2][body] POST https://github.com/login/oauth/access_token {"access_token":"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","token_type":"bearer","scope":"read:user,repo"}
[debug] [2022-09-19T23:17:46.390Z] >>> [apiv2][query] GET https://api.github.com/user [none]
[debug] [2022-09-19T23:17:46.894Z] <<< [apiv2][status] GET https://api.github.com/user 200
[debug] [2022-09-19T23:17:46.895Z] <<< [apiv2][body] GET https://api.github.com/user {"login":"pzjiang","id":67840856,"node_id":"MDQ6VXNlcjY3ODQwODU2","avatar_url":"https://avatars.githubusercontent.com/u/67840856?v=4","gravatar_id":"","url":"https://api.github.com/users/pzjiang","html_url":"https://github.com/pzjiang","followers_url":"https://api.github.com/users/pzjiang/followers","following_url":"https://api.github.com/users/pzjiang/following{/other_user}","gists_url":"https://api.github.com/users/pzjiang/gists{/gist_id}","starred_url":"https://api.github.com/users/pzjiang/starred{/owner}{/repo}","subscriptions_url":"https://api.github.com/users/pzjiang/subscriptions","organizations_url":"https://api.github.com/users/pzjiang/orgs","repos_url":"https://api.github.com/users/pzjiang/repos","events_url":"https://api.github.com/users/pzjiang/events{/privacy}","received_events_url":"https://api.github.com/users/pzjiang/received_events","type":"User","site_admin":false,"name":null,"company":null,"blog":"","location":null,"email":null,"hireable":null,"bio":null,"twitter_username":null,"public_repos":9,"public_gists":0,"followers":0,"following":0,"created_at":"2020-07-04T19:25:34Z","updated_at":"2022-09-18T21:59:02Z","private_gists":0,"total_private_repos":3,"owned_private_repos":3,"disk_usage":7877,"collaborators":4,"two_factor_authentication":false,"plan":{"name":"free","space":976562499,"collaborators":0,"private_repos":10000}}
[info] 
[info] +  Success! Logged into GitHub as pzjiang 
[info] 
[debug] [2022-09-19T23:18:12.438Z] >>> [apiv2][query] GET https://api.github.com/repos//actions/secrets/public-key type=owner
[debug] [2022-09-19T23:18:12.570Z] <<< [apiv2][status] GET https://api.github.com/repos//actions/secrets/public-key 404
[debug] [2022-09-19T23:18:12.570Z] <<< [apiv2][body] GET https://api.github.com/repos//actions/secrets/public-key {"message":"Not Found","documentation_url":"https://docs.github.com/rest"}
[debug] [2022-09-19T23:18:13.949Z] >>> [apiv2][query] GET https://api.github.com/repos//actions/secrets/public-key type=owner
[debug] [2022-09-19T23:18:14.158Z] <<< [apiv2][status] GET https://api.github.com/repos//actions/secrets/public-key 404
[debug] [2022-09-19T23:18:14.158Z] <<< [apiv2][body] GET https://api.github.com/repos//actions/secrets/public-key {"message":"Not Found","documentation_url":"https://docs.github.com/rest"}
[debug] [2022-09-19T23:18:14.265Z] >>> [apiv2][query] GET https://api.github.com/repos//actions/secrets/public-key type=owner
[debug] [2022-09-19T23:18:14.426Z] <<< [apiv2][status] GET https://api.github.com/repos//actions/secrets/public-key 404
[debug] [2022-09-19T23:18:14.426Z] <<< [apiv2][body] GET https://api.github.com/repos//actions/secrets/public-key {"message":"Not Found","documentation_url":"https://docs.github.com/rest"}
[debug] [2022-09-19T23:23:08.018Z] ----------------------------------------------------------------------
[debug] [2022-09-19T23:23:08.020Z] Command:       C:\Program Files\nodejs\node.exe C:\Users\pzjia\AppData\Roaming\npm\node_modules\firebase-tools\lib\bin\firebase.js init
[debug] [2022-09-19T23:23:08.020Z] CLI Version:   11.9.0
[debug] [2022-09-19T23:23:08.020Z] Platform:      win32
[debug] [2022-09-19T23:23:08.020Z] Node Version:  v16.17.0
[debug] [2022-09-19T23:23:08.021Z] Time:          Mon Sep 19 2022 19:23:08 GMT-0400 (Eastern Daylight Time)
[debug] [2022-09-19T23:23:08.022Z] ----------------------------------------------------------------------
[debug] 
[debug] [2022-09-19T23:23:08.096Z] > command requires scopes: ["email","openid","https://www.googleapis.com/auth/cloudplatformprojects.readonly","https://www.googleapis.com/auth/firebase","https://www.googleapis.com/auth/cloud-platform"]
[debug] [2022-09-19T23:23:08.097Z] > authorizing via signed-in user (werdwebe@gmail.com)
[info] 
     ######## #### ########  ######## ########     ###     ######  ########
     ##        ##  ##     ## ##       ##     ##  ##   ##  ##       ##
     ######    ##  ########  ######   ########  #########  ######  ######
     ##        ##  ##    ##  ##       ##     ## ##     ##       ## ##
     ##       #### ##     ## ######## ########  ##     ##  ######  ########

You're about to initialize a Firebase project in this directory:

  C:\Users\pzjia\JSprojects\cs407\purduezilla

Before we get started, keep in mind:

  * You are initializing within an existing Firebase project directory

